<?xml version="1.0" encoding="UTF-8"?>
<!-- Generated by org.testng.reporters.JUnitReportReporter -->
<testsuite hostname="DESKTOP-7T8PVEI" failures="0" tests="2" name="testng.Action_class" time="74.923" errors="0" timestamp="2022-11-20T10:38:38 PST" skipped="0">
  <testcase classname="testng.Action_class" name="test_action" time="38.724"/>
  <system-out/>
  <testcase classname="testng.Action_class" name="test_drag_drop" time="36.199"/>
  <system-out/>
</testsuite> <!-- testng.Action_class -->
