<?xml version="1.0" encoding="UTF-8"?>
<!-- Generated by org.testng.reporters.JUnitReportReporter -->
<testsuite hostname="DESKTOP-7T8PVEI" failures="0" tests="1" name="testng.TestAnnotations" time="41.241" errors="0" timestamp="2022-11-20T10:38:38 PST" skipped="0">
  <testcase classname="testng.TestAnnotations" name="login_functionality" time="41.241"/>
  <system-out/>
</testsuite> <!-- testng.TestAnnotations -->
