<?xml version="1.0" encoding="UTF-8"?>
<!-- Generated by org.testng.reporters.JUnitReportReporter -->
<testsuite hostname="DESKTOP-7T8PVEI" failures="0" tests="3" name="testng.FirstTestng" time="0.008" errors="0" timestamp="2022-11-20T10:38:38 PST" skipped="0">
  <testcase classname="testng.FirstTestng" name="test_bill_payment" time="0.002"/>
  <system-out/>
  <testcase classname="testng.FirstTestng" name="money_transfer" time="0.004"/>
  <system-out/>
  <testcase classname="testng.FirstTestng" name="testing_login" time="0.002"/>
  <system-out/>
</testsuite> <!-- testng.FirstTestng -->
